2025-06-28 19:12:47,235 INFO    StreamThr :1171382 [internal.py:wandb_internal():86] W&B internal server running at pid: 1171382, started at: 2025-06-28 19:12:47.233973
2025-06-28 19:12:47,238 DEBUG   HandlerThread:1171382 [handler.py:handle_request():146] handle_request: status
2025-06-28 19:12:47,241 INFO    WriterThread:1171382 [datastore.py:open_for_write():87] open: /mnt/data/kai/Mini_VinDr_CXR_Dataset/pytorch_model_training/wandb/run-20250628_191247-x0r8qs1c/run-x0r8qs1c.wandb
2025-06-28 19:12:47,242 DEBUG   SenderThread:1171382 [sender.py:send():379] send: header
2025-06-28 19:12:47,242 DEBUG   SenderThread:1171382 [sender.py:send():379] send: run
2025-06-28 19:12:47,955 INFO    SenderThread:1171382 [dir_watcher.py:__init__():211] watching files in: /mnt/data/kai/Mini_VinDr_CXR_Dataset/pytorch_model_training/wandb/run-20250628_191247-x0r8qs1c/files
2025-06-28 19:12:47,955 INFO    SenderThread:1171382 [sender.py:_start_run_threads():1124] run started: x0r8qs1c with start time 1751109167.233018
2025-06-28 19:12:48,066 DEBUG   HandlerThread:1171382 [handler.py:handle_request():146] handle_request: check_version
2025-06-28 19:12:48,066 DEBUG   SenderThread:1171382 [sender.py:send_request():406] send_request: check_version
2025-06-28 19:12:48,113 DEBUG   HandlerThread:1171382 [handler.py:handle_request():146] handle_request: run_start
2025-06-28 19:12:48,122 DEBUG   HandlerThread:1171382 [system_info.py:__init__():26] System info init
2025-06-28 19:12:48,122 DEBUG   HandlerThread:1171382 [system_info.py:__init__():41] System info init done
2025-06-28 19:12:48,122 INFO    HandlerThread:1171382 [system_monitor.py:start():194] Starting system monitor
2025-06-28 19:12:48,123 INFO    SystemMonitor:1171382 [system_monitor.py:_start():158] Starting system asset monitoring threads
2025-06-28 19:12:48,123 INFO    HandlerThread:1171382 [system_monitor.py:probe():214] Collecting system info
2025-06-28 19:12:48,124 INFO    SystemMonitor:1171382 [interfaces.py:start():190] Started cpu monitoring
2025-06-28 19:12:48,124 INFO    SystemMonitor:1171382 [interfaces.py:start():190] Started disk monitoring
2025-06-28 19:12:48,126 INFO    SystemMonitor:1171382 [interfaces.py:start():190] Started gpu monitoring
2025-06-28 19:12:48,126 INFO    SystemMonitor:1171382 [interfaces.py:start():190] Started memory monitoring
2025-06-28 19:12:48,128 INFO    SystemMonitor:1171382 [interfaces.py:start():190] Started network monitoring
2025-06-28 19:12:48,142 DEBUG   HandlerThread:1171382 [system_info.py:probe():150] Probing system
2025-06-28 19:12:48,143 DEBUG   HandlerThread:1171382 [system_info.py:_probe_git():135] Probing git
2025-06-28 19:12:48,149 DEBUG   HandlerThread:1171382 [system_info.py:_probe_git():143] Probing git done
2025-06-28 19:12:48,149 DEBUG   HandlerThread:1171382 [system_info.py:probe():198] Probing system done
2025-06-28 19:12:48,149 DEBUG   HandlerThread:1171382 [system_monitor.py:probe():223] {'os': 'Linux-6.5.0-28-generic-x86_64-with-glibc2.35', 'python': '3.12.3', 'heartbeatAt': '2025-06-28T11:12:48.142225', 'startedAt': '2025-06-28T11:12:47.228603', 'docker': None, 'cuda': None, 'args': (), 'state': 'running', 'program': '/mnt/data/kai/Mini_VinDr_CXR_Dataset/pytorch_model_training/train.py', 'codePathLocal': 'train.py', 'codePath': 'pytorch_model_training/train.py', 'git': {'remote': 'https://github.com/kaichenchai/Mini_VinDr_CXR_Dataset.git', 'commit': 'e1a33c5a0f9d322d0056443e30058d9c84b9ffb8'}, 'email': 'englishorc65@gmail.com', 'root': '/mnt/data/kai/Mini_VinDr_CXR_Dataset', 'host': 'thermaltake', 'username': 'kai', 'executable': '/home/kai/miniconda3/envs/vindr/bin/python3', 'cpu_count': 10, 'cpu_count_logical': 20, 'cpu_freq': {'current': 1495.0435, 'min': 1200.0, 'max': 4120.0}, 'cpu_freq_per_core': [{'current': 1200.124, 'min': 1200.0, 'max': 4100.0}, {'current': 1200.0, 'min': 1200.0, 'max': 4100.0}, {'current': 1200.0, 'min': 1200.0, 'max': 4100.0}, {'current': 1200.0, 'min': 1200.0, 'max': 4200.0}, {'current': 1589.45, 'min': 1200.0, 'max': 4100.0}, {'current': 1200.0, 'min': 1200.0, 'max': 4100.0}, {'current': 1322.503, 'min': 1200.0, 'max': 4100.0}, {'current': 1200.0, 'min': 1200.0, 'max': 4100.0}, {'current': 1210.114, 'min': 1200.0, 'max': 4100.0}, {'current': 4000.014, 'min': 1200.0, 'max': 4200.0}, {'current': 1200.0, 'min': 1200.0, 'max': 4100.0}, {'current': 1200.0, 'min': 1200.0, 'max': 4100.0}, {'current': 2927.969, 'min': 1200.0, 'max': 4100.0}, {'current': 1200.0, 'min': 1200.0, 'max': 4200.0}, {'current': 1258.674, 'min': 1200.0, 'max': 4100.0}, {'current': 1292.294, 'min': 1200.0, 'max': 4100.0}, {'current': 1200.0, 'min': 1200.0, 'max': 4100.0}, {'current': 2801.318, 'min': 1200.0, 'max': 4100.0}, {'current': 1200.0, 'min': 1200.0, 'max': 4100.0}, {'current': 3299.837, 'min': 1200.0, 'max': 4200.0}], 'disk': {'/': {'total': 3753.976058959961, 'used': 558.2838821411133}}, 'gpu': 'NVIDIA GeForce RTX 2080 Ti', 'gpu_count': 2, 'gpu_devices': [{'name': 'NVIDIA GeForce RTX 2080 Ti', 'memory_total': 11811160064}, {'name': 'NVIDIA GeForce RTX 2080 Ti', 'memory_total': 11811160064}], 'memory': {'total': 62.469051361083984}}
2025-06-28 19:12:48,149 INFO    HandlerThread:1171382 [system_monitor.py:probe():224] Finished collecting system info
2025-06-28 19:12:48,150 INFO    HandlerThread:1171382 [system_monitor.py:probe():227] Publishing system info
2025-06-28 19:12:48,150 DEBUG   HandlerThread:1171382 [system_info.py:_save_conda():207] Saving list of conda packages installed into the current environment
2025-06-28 19:12:48,957 INFO    Thread-12 :1171382 [dir_watcher.py:_on_file_created():271] file/dir created: /mnt/data/kai/Mini_VinDr_CXR_Dataset/pytorch_model_training/wandb/run-20250628_191247-x0r8qs1c/files/conda-environment.yaml
2025-06-28 19:12:49,869 DEBUG   HandlerThread:1171382 [system_info.py:_save_conda():222] Saving conda packages done
2025-06-28 19:12:49,870 INFO    HandlerThread:1171382 [system_monitor.py:probe():229] Finished publishing system info
2025-06-28 19:12:49,873 DEBUG   SenderThread:1171382 [sender.py:send():379] send: files
2025-06-28 19:12:49,874 INFO    SenderThread:1171382 [sender.py:_save_file():1390] saving file wandb-metadata.json with policy now
2025-06-28 19:12:49,915 DEBUG   HandlerThread:1171382 [handler.py:handle_request():146] handle_request: python_packages
2025-06-28 19:12:49,915 DEBUG   SenderThread:1171382 [sender.py:send_request():406] send_request: python_packages
2025-06-28 19:12:49,917 DEBUG   SenderThread:1171382 [sender.py:send():379] send: telemetry
2025-06-28 19:12:49,919 DEBUG   HandlerThread:1171382 [handler.py:handle_request():146] handle_request: internal_messages
2025-06-28 19:12:49,920 DEBUG   HandlerThread:1171382 [handler.py:handle_request():146] handle_request: stop_status
2025-06-28 19:12:49,920 DEBUG   SenderThread:1171382 [sender.py:send_request():406] send_request: stop_status
2025-06-28 19:12:49,955 INFO    Thread-12 :1171382 [dir_watcher.py:_on_file_modified():288] file/dir modified: /mnt/data/kai/Mini_VinDr_CXR_Dataset/pytorch_model_training/wandb/run-20250628_191247-x0r8qs1c/files/conda-environment.yaml
2025-06-28 19:12:49,956 INFO    Thread-12 :1171382 [dir_watcher.py:_on_file_created():271] file/dir created: /mnt/data/kai/Mini_VinDr_CXR_Dataset/pytorch_model_training/wandb/run-20250628_191247-x0r8qs1c/files/requirements.txt
2025-06-28 19:12:49,956 INFO    Thread-12 :1171382 [dir_watcher.py:_on_file_created():271] file/dir created: /mnt/data/kai/Mini_VinDr_CXR_Dataset/pytorch_model_training/wandb/run-20250628_191247-x0r8qs1c/files/wandb-metadata.json
2025-06-28 19:12:49,956 INFO    Thread-12 :1171382 [dir_watcher.py:_on_file_created():271] file/dir created: /mnt/data/kai/Mini_VinDr_CXR_Dataset/pytorch_model_training/wandb/run-20250628_191247-x0r8qs1c/files/output.log
2025-06-28 19:12:51,195 INFO    wandb-upload_0:1171382 [upload_job.py:push():131] Uploaded file /tmp/tmpgdhqycirwandb/namlcn0e-wandb-metadata.json
2025-06-28 19:12:51,956 INFO    Thread-12 :1171382 [dir_watcher.py:_on_file_modified():288] file/dir modified: /mnt/data/kai/Mini_VinDr_CXR_Dataset/pytorch_model_training/wandb/run-20250628_191247-x0r8qs1c/files/output.log
2025-06-28 19:12:52,592 DEBUG   HandlerThread:1171382 [handler.py:handle_request():146] handle_request: status_report
2025-06-28 19:12:52,956 INFO    Thread-12 :1171382 [dir_watcher.py:_on_file_modified():288] file/dir modified: /mnt/data/kai/Mini_VinDr_CXR_Dataset/pytorch_model_training/wandb/run-20250628_191247-x0r8qs1c/files/output.log
2025-06-28 19:12:54,957 INFO    Thread-12 :1171382 [dir_watcher.py:_on_file_modified():288] file/dir modified: /mnt/data/kai/Mini_VinDr_CXR_Dataset/pytorch_model_training/wandb/run-20250628_191247-x0r8qs1c/files/output.log
2025-06-28 19:12:56,957 INFO    Thread-12 :1171382 [dir_watcher.py:_on_file_modified():288] file/dir modified: /mnt/data/kai/Mini_VinDr_CXR_Dataset/pytorch_model_training/wandb/run-20250628_191247-x0r8qs1c/files/output.log
2025-06-28 19:12:57,756 DEBUG   HandlerThread:1171382 [handler.py:handle_request():146] handle_request: status_report
2025-06-28 19:12:58,958 INFO    Thread-12 :1171382 [dir_watcher.py:_on_file_modified():288] file/dir modified: /mnt/data/kai/Mini_VinDr_CXR_Dataset/pytorch_model_training/wandb/run-20250628_191247-x0r8qs1c/files/output.log
2025-06-28 19:13:00,958 INFO    Thread-12 :1171382 [dir_watcher.py:_on_file_modified():288] file/dir modified: /mnt/data/kai/Mini_VinDr_CXR_Dataset/pytorch_model_training/wandb/run-20250628_191247-x0r8qs1c/files/output.log
2025-06-28 19:13:02,909 DEBUG   HandlerThread:1171382 [handler.py:handle_request():146] handle_request: status_report
2025-06-28 19:13:02,959 INFO    Thread-12 :1171382 [dir_watcher.py:_on_file_modified():288] file/dir modified: /mnt/data/kai/Mini_VinDr_CXR_Dataset/pytorch_model_training/wandb/run-20250628_191247-x0r8qs1c/files/output.log
2025-06-28 19:13:04,916 DEBUG   HandlerThread:1171382 [handler.py:handle_request():146] handle_request: stop_status
2025-06-28 19:13:04,916 DEBUG   SenderThread:1171382 [sender.py:send_request():406] send_request: stop_status
2025-06-28 19:13:04,919 DEBUG   HandlerThread:1171382 [handler.py:handle_request():146] handle_request: internal_messages
2025-06-28 19:13:04,960 INFO    Thread-12 :1171382 [dir_watcher.py:_on_file_modified():288] file/dir modified: /mnt/data/kai/Mini_VinDr_CXR_Dataset/pytorch_model_training/wandb/run-20250628_191247-x0r8qs1c/files/output.log
2025-06-28 19:13:05,559 WARNING FileStreamThread:1171382 [file_stream.py:request_with_retry():687] requests_with_retry encountered retryable exception: 500 Server Error: Internal Server Error for url: https://api.wandb.ai/files/kaichenchai/cardiomegaly_explainability/x0r8qs1c/file_stream. func: functools.partial(<bound method Session.post of <requests.sessions.Session object at 0x750684eb9ac0>>, timeout=180.0), args: ('https://api.wandb.ai/files/kaichenchai/cardiomegaly_explainability/x0r8qs1c/file_stream',), kwargs: {'json': {'files': {'output.log': {'offset': 5, 'content': ['ERROR 2025-06-28T11:13:00.335214  32%|███████████████████████████████████████████████████████                                                                                                                     | 8/25 [00:08<00:17,  1.05s/it]\n']}}, 'dropped': 0}}
2025-06-28 19:13:06,961 INFO    Thread-12 :1171382 [dir_watcher.py:_on_file_modified():288] file/dir modified: /mnt/data/kai/Mini_VinDr_CXR_Dataset/pytorch_model_training/wandb/run-20250628_191247-x0r8qs1c/files/output.log
2025-06-28 19:13:10,170 ERROR   SenderThread:1171382 [internal_api.py:execute():373] 500 response executing GraphQL.
2025-06-28 19:13:10,170 ERROR   SenderThread:1171382 [internal_api.py:execute():374] {"errors":[{"message":"context deadline exceeded","path":["project"]}],"data":{"project":null}}
2025-06-28 19:13:10,917 DEBUG   HandlerThread:1171382 [handler.py:handle_request():146] handle_request: keepalive
2025-06-28 19:13:13,216 WARNING FileStreamThread:1171382 [file_stream.py:request_with_retry():687] requests_with_retry encountered retryable exception: 500 Server Error: Internal Server Error for url: https://api.wandb.ai/files/kaichenchai/cardiomegaly_explainability/x0r8qs1c/file_stream. func: functools.partial(<bound method Session.post of <requests.sessions.Session object at 0x750684eb9ac0>>, timeout=180.0), args: ('https://api.wandb.ai/files/kaichenchai/cardiomegaly_explainability/x0r8qs1c/file_stream',), kwargs: {'json': {'files': {'output.log': {'offset': 5, 'content': ['ERROR 2025-06-28T11:13:00.335214  32%|███████████████████████████████████████████████████████                                                                                                                     | 8/25 [00:08<00:17,  1.05s/it]\n']}}, 'dropped': 0}}
2025-06-28 19:13:15,918 DEBUG   HandlerThread:1171382 [handler.py:handle_request():146] handle_request: keepalive
2025-06-28 19:13:16,504 ERROR   SenderThread:1171382 [internal_api.py:execute():373] 500 response executing GraphQL.
2025-06-28 19:13:16,504 ERROR   SenderThread:1171382 [internal_api.py:execute():374] {"errors":[{"message":"context deadline exceeded","path":["project"]}],"data":{"project":null}}
2025-06-28 19:13:19,604 DEBUG   HandlerThread:1171382 [handler.py:handle_request():146] handle_request: poll_exit
2025-06-28 19:13:22,149 INFO    memory    :1171382 [interfaces.py:monitor():140] Process proc.memory.rssMB has exited.
2025-06-28 19:13:22,149 DEBUG   SystemMonitor:1171382 [system_monitor.py:_start():172] Starting system metrics aggregation loop
2025-06-28 19:13:22,150 DEBUG   SystemMonitor:1171382 [system_monitor.py:_start():179] Finished system metrics aggregation loop
2025-06-28 19:13:22,150 DEBUG   SystemMonitor:1171382 [system_monitor.py:_start():183] Publishing last batch of metrics
2025-06-28 19:13:24,606 DEBUG   HandlerThread:1171382 [handler.py:handle_request():146] handle_request: keepalive
2025-06-28 19:13:28,244 WARNING StreamThr :1171382 [internal.py:is_dead():414] Internal process exiting, parent pid 1171356 disappeared
2025-06-28 19:13:28,244 ERROR   StreamThr :1171382 [internal.py:wandb_internal():152] Internal process shutdown.
2025-06-28 19:13:28,607 INFO    HandlerThread:1171382 [handler.py:finish():866] shutting down handler
2025-06-28 19:13:28,607 INFO    HandlerThread:1171382 [system_monitor.py:finish():203] Stopping system monitor
2025-06-28 19:13:28,607 INFO    HandlerThread:1171382 [interfaces.py:finish():202] Joined cpu monitor
2025-06-28 19:13:28,607 INFO    HandlerThread:1171382 [interfaces.py:finish():202] Joined disk monitor
2025-06-28 19:13:28,607 INFO    HandlerThread:1171382 [interfaces.py:finish():202] Joined gpu monitor
2025-06-28 19:13:28,608 INFO    HandlerThread:1171382 [interfaces.py:finish():202] Joined memory monitor
2025-06-28 19:13:28,608 INFO    HandlerThread:1171382 [interfaces.py:finish():202] Joined network monitor
2025-06-28 19:13:29,154 INFO    WriterThread:1171382 [datastore.py:close():296] close: /mnt/data/kai/Mini_VinDr_CXR_Dataset/pytorch_model_training/wandb/run-20250628_191247-x0r8qs1c/run-x0r8qs1c.wandb
2025-06-28 19:13:30,244 WARNING FileStreamThread:1171382 [file_stream.py:request_with_retry():687] requests_with_retry encountered retryable exception: 500 Server Error: Internal Server Error for url: https://api.wandb.ai/files/kaichenchai/cardiomegaly_explainability/x0r8qs1c/file_stream. func: functools.partial(<bound method Session.post of <requests.sessions.Session object at 0x750684eb9ac0>>, timeout=180.0), args: ('https://api.wandb.ai/files/kaichenchai/cardiomegaly_explainability/x0r8qs1c/file_stream',), kwargs: {'json': {'files': {'output.log': {'offset': 5, 'content': ['ERROR 2025-06-28T11:13:06.338149  52%|████████████████████████████████████████████████████████████████████████████████████████▉                                                                                  | 13/25 [00:14<00:12,  1.03s/it]\n']}}, 'dropped': 0}}
2025-06-28 19:13:37,732 WARNING FileStreamThread:1171382 [file_stream.py:request_with_retry():687] requests_with_retry encountered retryable exception: 500 Server Error: Internal Server Error for url: https://api.wandb.ai/files/kaichenchai/cardiomegaly_explainability/x0r8qs1c/file_stream. func: functools.partial(<bound method Session.post of <requests.sessions.Session object at 0x750684eb9ac0>>, timeout=180.0), args: ('https://api.wandb.ai/files/kaichenchai/cardiomegaly_explainability/x0r8qs1c/file_stream',), kwargs: {'json': {'files': {'output.log': {'offset': 5, 'content': ['ERROR 2025-06-28T11:13:06.338149  52%|████████████████████████████████████████████████████████████████████████████████████████▉                                                                                  | 13/25 [00:14<00:12,  1.03s/it]\n']}}, 'dropped': 0}}
2025-06-28 19:13:38,641 INFO    SenderThread:1171382 [retry.py:__call__():172] Retry attempt failed:
Traceback (most recent call last):
  File "/home/kai/miniconda3/envs/vindr/lib/python3.12/site-packages/urllib3/connectionpool.py", line 537, in _make_request
    response = conn.getresponse()
               ^^^^^^^^^^^^^^^^^^
  File "/home/kai/miniconda3/envs/vindr/lib/python3.12/site-packages/urllib3/connection.py", line 466, in getresponse
    httplib_response = super().getresponse()
                       ^^^^^^^^^^^^^^^^^^^^^
  File "/home/kai/miniconda3/envs/vindr/lib/python3.12/http/client.py", line 1428, in getresponse
    response.begin()
  File "/home/kai/miniconda3/envs/vindr/lib/python3.12/http/client.py", line 331, in begin
    version, status, reason = self._read_status()
                              ^^^^^^^^^^^^^^^^^^^
  File "/home/kai/miniconda3/envs/vindr/lib/python3.12/http/client.py", line 292, in _read_status
    line = str(self.fp.readline(_MAXLINE + 1), "iso-8859-1")
               ^^^^^^^^^^^^^^^^^^^^^^^^^^^^^^
  File "/home/kai/miniconda3/envs/vindr/lib/python3.12/socket.py", line 707, in readinto
    return self._sock.recv_into(b)
           ^^^^^^^^^^^^^^^^^^^^^^^
  File "/home/kai/miniconda3/envs/vindr/lib/python3.12/ssl.py", line 1252, in recv_into
    return self.read(nbytes, buffer)
           ^^^^^^^^^^^^^^^^^^^^^^^^^
  File "/home/kai/miniconda3/envs/vindr/lib/python3.12/ssl.py", line 1104, in read
    return self._sslobj.read(len, buffer)
           ^^^^^^^^^^^^^^^^^^^^^^^^^^^^^^
TimeoutError: The read operation timed out

The above exception was the direct cause of the following exception:

Traceback (most recent call last):
  File "/home/kai/miniconda3/envs/vindr/lib/python3.12/site-packages/requests/adapters.py", line 486, in send
    resp = conn.urlopen(
           ^^^^^^^^^^^^^
  File "/home/kai/miniconda3/envs/vindr/lib/python3.12/site-packages/urllib3/connectionpool.py", line 847, in urlopen
    retries = retries.increment(
              ^^^^^^^^^^^^^^^^^^
  File "/home/kai/miniconda3/envs/vindr/lib/python3.12/site-packages/urllib3/util/retry.py", line 470, in increment
    raise reraise(type(error), error, _stacktrace)
          ^^^^^^^^^^^^^^^^^^^^^^^^^^^^^^^^^^^^^^^^
  File "/home/kai/miniconda3/envs/vindr/lib/python3.12/site-packages/urllib3/util/util.py", line 39, in reraise
    raise value
  File "/home/kai/miniconda3/envs/vindr/lib/python3.12/site-packages/urllib3/connectionpool.py", line 793, in urlopen
    response = self._make_request(
               ^^^^^^^^^^^^^^^^^^^
  File "/home/kai/miniconda3/envs/vindr/lib/python3.12/site-packages/urllib3/connectionpool.py", line 539, in _make_request
    self._raise_timeout(err=e, url=url, timeout_value=read_timeout)
  File "/home/kai/miniconda3/envs/vindr/lib/python3.12/site-packages/urllib3/connectionpool.py", line 370, in _raise_timeout
    raise ReadTimeoutError(
urllib3.exceptions.ReadTimeoutError: HTTPSConnectionPool(host='api.wandb.ai', port=443): Read timed out. (read timeout=20)

During handling of the above exception, another exception occurred:

Traceback (most recent call last):
  File "/home/kai/miniconda3/envs/vindr/lib/python3.12/site-packages/wandb/sdk/lib/retry.py", line 131, in __call__
    result = self._call_fn(*args, **kwargs)
             ^^^^^^^^^^^^^^^^^^^^^^^^^^^^^^
  File "/home/kai/miniconda3/envs/vindr/lib/python3.12/site-packages/wandb/sdk/internal/internal_api.py", line 369, in execute
    return self.client.execute(*args, **kwargs)  # type: ignore
           ^^^^^^^^^^^^^^^^^^^^^^^^^^^^^^^^^^^^
  File "/home/kai/miniconda3/envs/vindr/lib/python3.12/site-packages/wandb/vendor/gql-0.2.0/wandb_gql/client.py", line 52, in execute
    result = self._get_result(document, *args, **kwargs)
             ^^^^^^^^^^^^^^^^^^^^^^^^^^^^^^^^^^^^^^^^^^^
  File "/home/kai/miniconda3/envs/vindr/lib/python3.12/site-packages/wandb/vendor/gql-0.2.0/wandb_gql/client.py", line 60, in _get_result
    return self.transport.execute(document, *args, **kwargs)
           ^^^^^^^^^^^^^^^^^^^^^^^^^^^^^^^^^^^^^^^^^^^^^^^^^
  File "/home/kai/miniconda3/envs/vindr/lib/python3.12/site-packages/wandb/sdk/lib/gql_request.py", line 58, in execute
    request = self.session.post(self.url, **post_args)
              ^^^^^^^^^^^^^^^^^^^^^^^^^^^^^^^^^^^^^^^^
  File "/home/kai/miniconda3/envs/vindr/lib/python3.12/site-packages/requests/sessions.py", line 637, in post
    return self.request("POST", url, data=data, json=json, **kwargs)
           ^^^^^^^^^^^^^^^^^^^^^^^^^^^^^^^^^^^^^^^^^^^^^^^^^^^^^^^^^
  File "/home/kai/miniconda3/envs/vindr/lib/python3.12/site-packages/requests/sessions.py", line 589, in request
    resp = self.send(prep, **send_kwargs)
           ^^^^^^^^^^^^^^^^^^^^^^^^^^^^^^
  File "/home/kai/miniconda3/envs/vindr/lib/python3.12/site-packages/requests/sessions.py", line 703, in send
    r = adapter.send(request, **kwargs)
        ^^^^^^^^^^^^^^^^^^^^^^^^^^^^^^^
  File "/home/kai/miniconda3/envs/vindr/lib/python3.12/site-packages/requests/adapters.py", line 532, in send
    raise ReadTimeout(e, request=request)
requests.exceptions.ReadTimeout: HTTPSConnectionPool(host='api.wandb.ai', port=443): Read timed out. (read timeout=20)
2025-06-28 19:13:45,966 ERROR   SenderThread:1171382 [internal_api.py:execute():373] 429 response executing GraphQL.
2025-06-28 19:13:45,966 ERROR   SenderThread:1171382 [internal_api.py:execute():374] {"error":"rate limit exceeded"}
2025-06-28 19:13:56,361 INFO    SenderThread:1171382 [sender.py:finish():1546] shutting down sender
2025-06-28 19:13:58,357 INFO    SenderThread:1171382 [dir_watcher.py:finish():358] shutting down directory watcher
2025-06-28 19:13:58,971 INFO    SenderThread:1171382 [dir_watcher.py:_on_file_modified():288] file/dir modified: /mnt/data/kai/Mini_VinDr_CXR_Dataset/pytorch_model_training/wandb/run-20250628_191247-x0r8qs1c/files/output.log
2025-06-28 19:13:58,971 INFO    SenderThread:1171382 [dir_watcher.py:finish():388] scan: /mnt/data/kai/Mini_VinDr_CXR_Dataset/pytorch_model_training/wandb/run-20250628_191247-x0r8qs1c/files
2025-06-28 19:13:58,972 INFO    SenderThread:1171382 [dir_watcher.py:finish():402] scan save: /mnt/data/kai/Mini_VinDr_CXR_Dataset/pytorch_model_training/wandb/run-20250628_191247-x0r8qs1c/files/requirements.txt requirements.txt
2025-06-28 19:13:58,972 INFO    SenderThread:1171382 [dir_watcher.py:finish():402] scan save: /mnt/data/kai/Mini_VinDr_CXR_Dataset/pytorch_model_training/wandb/run-20250628_191247-x0r8qs1c/files/config.yaml config.yaml
2025-06-28 19:13:58,972 INFO    SenderThread:1171382 [dir_watcher.py:finish():402] scan save: /mnt/data/kai/Mini_VinDr_CXR_Dataset/pytorch_model_training/wandb/run-20250628_191247-x0r8qs1c/files/conda-environment.yaml conda-environment.yaml
2025-06-28 19:13:58,975 INFO    SenderThread:1171382 [dir_watcher.py:finish():402] scan save: /mnt/data/kai/Mini_VinDr_CXR_Dataset/pytorch_model_training/wandb/run-20250628_191247-x0r8qs1c/files/wandb-metadata.json wandb-metadata.json
2025-06-28 19:13:58,975 INFO    SenderThread:1171382 [dir_watcher.py:finish():402] scan save: /mnt/data/kai/Mini_VinDr_CXR_Dataset/pytorch_model_training/wandb/run-20250628_191247-x0r8qs1c/files/output.log output.log
2025-06-28 19:13:58,982 INFO    SenderThread:1171382 [file_pusher.py:finish():172] shutting down file pusher
2025-06-28 19:13:58,982 INFO    SenderThread:1171382 [file_pusher.py:join():178] waiting for file pusher
2025-06-28 19:13:59,558 INFO    wandb-upload_0:1171382 [upload_job.py:push():131] Uploaded file /mnt/data/kai/Mini_VinDr_CXR_Dataset/pytorch_model_training/wandb/run-20250628_191247-x0r8qs1c/files/requirements.txt
2025-06-28 19:13:59,810 INFO    wandb-upload_1:1171382 [upload_job.py:push():131] Uploaded file /mnt/data/kai/Mini_VinDr_CXR_Dataset/pytorch_model_training/wandb/run-20250628_191247-x0r8qs1c/files/config.yaml
2025-06-28 19:13:59,922 INFO    wandb-upload_2:1171382 [upload_job.py:push():131] Uploaded file /mnt/data/kai/Mini_VinDr_CXR_Dataset/pytorch_model_training/wandb/run-20250628_191247-x0r8qs1c/files/conda-environment.yaml
2025-06-28 19:13:59,943 INFO    wandb-upload_3:1171382 [upload_job.py:push():131] Uploaded file /mnt/data/kai/Mini_VinDr_CXR_Dataset/pytorch_model_training/wandb/run-20250628_191247-x0r8qs1c/files/output.log
2025-06-28 19:14:00,483 INFO    SenderThread:1171382 [file_stream.py:finish():614] file stream finish called
2025-06-28 19:14:00,867 INFO    SenderThread:1171382 [file_stream.py:finish():618] file stream finish is done
